<?xml version="1.0" encoding="UTF-8"?>
<testng-results ignored="0" total="2" passed="2" failed="0" skipped="0">
  <reporter-output>
  </reporter-output>
  <suite started-at="2025-12-18T13:43:48 IST" name="Suite" finished-at="2025-12-18T13:43:58 IST" duration-ms="9471">
    <groups>
    </groups>
    <test started-at="2025-12-18T13:43:48 IST" name="Test" finished-at="2025-12-18T13:43:58 IST" duration-ms="9471">
      <class name="SeleniumGrid_Maven.GridProject.Testing">
        <test-method signature="HomePageCheck2()[pri:0, instance:SeleniumGrid_Maven.GridProject.Testing@3c72f59f]" started-at="2025-12-18T13:43:49 IST" name="HomePageCheck2" finished-at="2025-12-18T13:43:58 IST" duration-ms="9419" status="PASS">
          <reporter-output>
          </reporter-output>
        </test-method> <!-- HomePageCheck2 -->
      </class> <!-- SeleniumGrid_Maven.GridProject.Testing -->
      <class name="SeleniumGrid_Maven.GridProject.GoogleTest">
        <test-method signature="HomePageCheck()[pri:0, instance:SeleniumGrid_Maven.GridProject.GoogleTest@38c5cc4c]" started-at="2025-12-18T13:43:49 IST" name="HomePageCheck" finished-at="2025-12-18T13:43:53 IST" duration-ms="4547" status="PASS">
          <reporter-output>
          </reporter-output>
        </test-method> <!-- HomePageCheck -->
      </class> <!-- SeleniumGrid_Maven.GridProject.GoogleTest -->
    </test> <!-- Test -->
  </suite> <!-- Suite -->
</testng-results>
